<?xml version="1.0" encoding="UTF-8"?>
<testng-results ignored="0" total="1" passed="1" failed="0" skipped="0">
  <reporter-output>
  </reporter-output>
  <suite started-at="2024-11-18T19:27:53 IST" name="Default suite" finished-at="2024-11-18T19:28:13 IST" duration-ms="20353">
    <groups>
    </groups>
    <test started-at="2024-11-18T19:27:53 IST" name="Default test" finished-at="2024-11-18T19:28:13 IST" duration-ms="20353">
      <class name="DriverFactory.AppTest">
        <test-method signature="KickStart()[pri:0, instance:DriverFactory.AppTest@682b2fa]" started-at="2024-11-18T19:27:53 IST" name="KickStart" finished-at="2024-11-18T19:28:13 IST" duration-ms="20274" status="PASS">
          <reporter-output>
          </reporter-output>
        </test-method> <!-- KickStart -->
      </class> <!-- DriverFactory.AppTest -->
    </test> <!-- Default test -->
  </suite> <!-- Default suite -->
</testng-results>
